Release 14.7 Map P.20131013 (lin64)
Xilinx Mapping Report File for Design 'MimasV2TopModuleLX9'

Design Information
------------------
Command Line   : map -filter
/home/deb/Downloads/VGA_driver_final/iseconfig/filter.filter -intstyle ise -p
xc6slx9-csg324-2 -w -logic_opt off -ol high -t 1 -xt 0 -register_duplication off
-r 4 -global_opt off -mt off -ir off -pr off -lc off -power off -o
MimasV2TopModuleLX9_map.ncd MimasV2TopModuleLX9.ngd MimasV2TopModuleLX9.pcf 
Target Device  : xc6slx9
Target Package : csg324
Target Speed   : -2
Mapper Version : spartan6 -- $Revision: 1.55 $
Mapped Date    : Tue Dec 27 00:11:15 2022

Design Summary
--------------
Number of errors:      0
Number of warnings:    0
Slice Logic Utilization:
  Number of Slice Registers:                    45 out of  11,440    1%
    Number used as Flip Flops:                  45
    Number used as Latches:                      0
    Number used as Latch-thrus:                  0
    Number used as AND/OR logics:                0
  Number of Slice LUTs:                        117 out of   5,720    2%
    Number used as logic:                      117 out of   5,720    2%
      Number using O6 output only:             104
      Number using O5 output only:               0
      Number using O5 and O6:                   13
      Number used as ROM:                        0
    Number used as Memory:                       0 out of   1,440    0%

Slice Logic Distribution:
  Number of occupied Slices:                    41 out of   1,430    2%
  Number of MUXCYs used:                         0 out of   2,860    0%
  Number of LUT Flip Flop pairs used:          118
    Number with an unused Flip Flop:            79 out of     118   66%
    Number with an unused LUT:                   1 out of     118    1%
    Number of fully used LUT-FF pairs:          38 out of     118   32%
    Number of unique control sets:               9
    Number of slice register sites lost
      to control set restrictions:              43 out of  11,440    1%

  A LUT Flip Flop pair for this architecture represents one LUT paired with
  one Flip Flop within a slice.  A control set is a unique combination of
  clock, reset, set, and enable signals for a registered element.
  The Slice Logic Distribution report is not meaningful if the design is
  over-mapped for a non-slice resource or if Placement fails.

IO Utilization:
  Number of bonded IOBs:                        26 out of     200   13%
    Number of LOCed IOBs:                       25 out of      26   96%

Specific Feature Utilization:
  Number of RAMB16BWERs:                         0 out of      32    0%
  Number of RAMB8BWERs:                          0 out of      64    0%
  Number of BUFIO2/BUFIO2_2CLKs:                 1 out of      32    3%
    Number used as BUFIO2s:                      1
    Number used as BUFIO2_2CLKs:                 0
  Number of BUFIO2FB/BUFIO2FB_2CLKs:             1 out of      32    3%
    Number used as BUFIO2FBs:                    1
    Number used as BUFIO2FB_2CLKs:               0
  Number of BUFG/BUFGMUXs:                       2 out of      16   12%
    Number used as BUFGs:                        2
    Number used as BUFGMUX:                      0
  Number of DCM/DCM_CLKGENs:                     1 out of       4   25%
    Number used as DCMs:                         1
    Number used as DCM_CLKGENs:                  0
  Number of ILOGIC2/ISERDES2s:                   0 out of     200    0%
  Number of IODELAY2/IODRP2/IODRP2_MCBs:         0 out of     200    0%
  Number of OLOGIC2/OSERDES2s:                   0 out of     200    0%
  Number of BSCANs:                              0 out of       4    0%
  Number of BUFHs:                               0 out of     128    0%
  Number of BUFPLLs:                             0 out of       8    0%
  Number of BUFPLL_MCBs:                         0 out of       4    0%
  Number of DSP48A1s:                            0 out of      16    0%
  Number of ICAPs:                               0 out of       1    0%
  Number of MCBs:                                0 out of       2    0%
  Number of PCILOGICSEs:                         0 out of       2    0%
  Number of PLL_ADVs:                            0 out of       2    0%
  Number of PMVs:                                0 out of       1    0%
  Number of STARTUPs:                            0 out of       1    0%
  Number of SUSPEND_SYNCs:                       0 out of       1    0%

Average Fanout of Non-Clock Nets:                4.19

Peak Memory Usage:  658 MB
Total REAL time to MAP completion:  8 secs 
Total CPU time to MAP completion:   8 secs 

Table of Contents
-----------------
Section 1 - Errors
Section 2 - Warnings
Section 3 - Informational
Section 4 - Removed Logic Summary
Section 5 - Removed Logic
Section 6 - IOB Properties
Section 7 - RPMs
Section 8 - Guide Report
Section 9 - Area Group and Partition Summary
Section 10 - Timing Report
Section 11 - Configuration String Information
Section 12 - Control Set Information
Section 13 - Utilization by Hierarchy

Section 1 - Errors
------------------

Section 2 - Warnings
--------------------

Section 3 - Informational
-------------------------
INFO:LIT:243 - Logical network DPSwitch<7>_IBUF has no load.
INFO:LIT:395 - The above info message is repeated 13 more times for the
   following (max. 5 shown):
   DPSwitch<6>_IBUF,
   DPSwitch<5>_IBUF,
   DPSwitch<4>_IBUF,
   DPSwitch<3>_IBUF,
   DPSwitch<2>_IBUF
   To see the details of these info messages, please use the -detail switch.
INFO:MapLib:562 - No environment variables are currently set.
INFO:MapLib:159 - Net Timing constraints on signal CLK are pushed forward
   through input buffer.
INFO:Pack:1716 - Initializing temperature to 85.000 Celsius. (default - Range:
   0.000 to 85.000 Celsius)
INFO:Pack:1720 - Initializing voltage to 1.140 Volts. (default - Range: 1.140 to
   1.260 Volts)
INFO:Map:215 - The Interim Design Summary has been generated in the MAP Report
   (.mrp).
INFO:Place:834 - Only a subset of IOs are locked. Out of 26 IOs, 25 are locked
   and 1 are not locked. If you would like to print the names of these IOs,
   please set the environment variable XIL_PAR_DESIGN_CHECK_VERBOSE to 1. 
INFO:Pack:1650 - Map created a placed design.

Section 4 - Removed Logic Summary
---------------------------------
   2 block(s) optimized away

Section 5 - Removed Logic
-------------------------

Optimized Block(s):
TYPE 		BLOCK
GND 		XST_GND
VCC 		XST_VCC

Section 6 - IOB Properties
--------------------------

+---------------------------------------------------------------------------------------------------------------------------------------------------------+
| IOB Name                           | Type             | Direction | IO Standard          | Diff  | Drive    | Slew | Reg (s)      | Resistor | IOB      |
|                                    |                  |           |                      | Term  | Strength | Rate |              |          | Delay    |
+---------------------------------------------------------------------------------------------------------------------------------------------------------+
| Blue<1>                            | IOB              | OUTPUT    | LVCMOS33             |       | 8        | FAST |              |          |          |
| Blue<2>                            | IOB              | OUTPUT    | LVCMOS33             |       | 8        | FAST |              |          |          |
| CLK                                | IOB              | INPUT     | LVCMOS33             |       |          |      |              |          |          |
| DPSwitch<0>                        | IOB              | INPUT     | LVCMOS33             |       |          |      |              | PULLUP   |          |
| DPSwitch<1>                        | IOB              | INPUT     | LVCMOS33             |       |          |      |              | PULLUP   |          |
| DPSwitch<2>                        | IOB              | INPUT     | LVCMOS33             |       |          |      |              | PULLUP   |          |
| DPSwitch<3>                        | IOB              | INPUT     | LVCMOS33             |       |          |      |              | PULLUP   |          |
| DPSwitch<4>                        | IOB              | INPUT     | LVCMOS33             |       |          |      |              | PULLUP   |          |
| DPSwitch<5>                        | IOB              | INPUT     | LVCMOS33             |       |          |      |              | PULLUP   |          |
| DPSwitch<6>                        | IOB              | INPUT     | LVCMOS33             |       |          |      |              | PULLUP   |          |
| DPSwitch<7>                        | IOB              | INPUT     | LVCMOS33             |       |          |      |              | PULLUP   |          |
| Green<0>                           | IOB              | OUTPUT    | LVCMOS33             |       | 8        | FAST |              |          |          |
| Green<1>                           | IOB              | OUTPUT    | LVCMOS33             |       | 8        | FAST |              |          |          |
| Green<2>                           | IOB              | OUTPUT    | LVCMOS33             |       | 8        | FAST |              |          |          |
| HSync                              | IOB              | OUTPUT    | LVCMOS33             |       | 8        | FAST |              |          |          |
| RST_n                              | IOB              | INPUT     | LVCMOS33             |       |          |      |              | PULLUP   |          |
| Red<0>                             | IOB              | OUTPUT    | LVCMOS33             |       | 8        | FAST |              |          |          |
| Red<1>                             | IOB              | OUTPUT    | LVCMOS33             |       | 8        | FAST |              |          |          |
| Red<2>                             | IOB              | OUTPUT    | LVCMOS33             |       | 8        | FAST |              |          |          |
| Switch<0>                          | IOB              | INPUT     | LVCMOS33             |       |          |      |              | PULLUP   |          |
| Switch<1>                          | IOB              | INPUT     | LVCMOS33             |       |          |      |              | PULLUP   |          |
| Switch<2>                          | IOB              | INPUT     | LVCMOS33             |       |          |      |              | PULLUP   |          |
| Switch<3>                          | IOB              | INPUT     | LVCMOS33             |       |          |      |              | PULLUP   |          |
| Switch<4>                          | IOB              | INPUT     | LVCMOS33             |       |          |      |              | PULLUP   |          |
| Switch<5>                          | IOB              | INPUT     | LVCMOS33             |       |          |      |              | PULLUP   |          |
| VSync                              | IOB              | OUTPUT    | LVCMOS33             |       | 8        | FAST |              |          |          |
+---------------------------------------------------------------------------------------------------------------------------------------------------------+

Section 7 - RPMs
----------------

Section 8 - Guide Report
------------------------
Guide not run on this design.

Section 9 - Area Group and Partition Summary
--------------------------------------------

Partition Implementation Status
-------------------------------

  No Partitions were found in this design.

-------------------------------

Area Group Information
----------------------

  No area groups were found in this design.

----------------------

Section 10 - Timing Report
--------------------------
A logic-level (pre-route) timing report can be generated by using Xilinx static
timing analysis tools, Timing Analyzer (GUI) or TRCE (command line), with the
mapped NCD and PCF files. Please note that this timing report will be generated
using estimated delay information. For accurate numbers, please generate a
timing report with the post Place and Route NCD file.

For more information about the Timing Analyzer, consult the Xilinx Timing
Analyzer Reference Manual; for more information about TRCE, consult the Xilinx
Command Line Tools User Guide "TRACE" chapter.

Section 11 - Configuration String Details
-----------------------------------------
Use the "-detail" map option to print out Configuration Strings

Section 12 - Control Set Information
------------------------------------
Use the "-detail" map option to print out Control Set Information.

Section 13 - Utilization by Hierarchy
-------------------------------------
Use the "-detail" map option to print out the Utilization by Hierarchy section.
